<?xml version="1.0" encoding="UTF-8" standalone="no"?>
<testsuite errors="0" failures="1" name="io.cucumber.core.plugin.JUnitFormatter" skipped="0" tests="1" time="22.764">
<testcase classname="FhcTrip Registration" name="fhcTrip registration test" time="21.287">
<failure message="Cannot locate option with index: 7&#10;For documentation on this error, please visit: https://www.seleniumhq.org/exceptions/no_such_element.html&#10;Build info: version: '3.141.59', revision: 'e82be7d358', time: '2018-11-14T08:17:03'&#10;System info: host: 'AYSETURHAN', ip: '192.168.1.21', os.name: 'Windows 10', os.arch: 'amd64', os.version: '10.0', java.version: '1.8.0_101'&#10;Driver info: driver.version: unknown" type="org.openqa.selenium.NoSuchElementException"><![CDATA[Given kullanici fhctrip sayfasindadir.......................................passed
And kullanici "create a new account" butonuna tiklar........................passed
And kullanici username girer................................................passed
And kullanici password girer................................................passed
And kullanici email girer...................................................passed
And kullanici fullname girer................................................passed
And kullanici phone girer...................................................passed
And kullanici SSN girer.....................................................passed
And kullanici driving lisans girer..........................................passed
And kullanici country dropdowndan secer.....................................passed
And kullanici state dropdowndan secer.......................................failed
And kullanici adress girer..................................................skipped
And kullanici working sector girer..........................................skipped
And kullanici birthday girer................................................skipped
Then kullanici save butonuna tiklar.........................................skipped

StackTrace:
org.openqa.selenium.NoSuchElementException: Cannot locate option with index: 7
For documentation on this error, please visit: https://www.seleniumhq.org/exceptions/no_such_element.html
Build info: version: '3.141.59', revision: 'e82be7d358', time: '2018-11-14T08:17:03'
System info: host: 'AYSETURHAN', ip: '192.168.1.21', os.name: 'Windows 10', os.arch: 'amd64', os.version: '10.0', java.version: '1.8.0_101'
Driver info: driver.version: unknown
	at org.openqa.selenium.support.ui.Select.setSelectedByIndex(Select.java:297)
	at org.openqa.selenium.support.ui.Select.selectByIndex(Select.java:172)
	at stepdefinitions.FhcRegisterStepDef.kullanici_state_dropdowndan_secer(FhcRegisterStepDef.java:72)
	at âœ½.kullanici state dropdowndan secer(file:///C:/Users/Dell%20E7250/IdeaProjects/mycucumberframework/src/test/resources/features/fhcregister.feature:14)
]]></failure>
</testcase>
</testsuite>
